  Project Bank (OOP).cpp
C:\Users\rayya\OneDrive\Documents\Problems (Abu - hadhud)\OOP as it Should Be (Applications)\Project Bank (OOP)\clsPerson.h(4,10): warning C4067: unexpected tokens following preprocessor directive - expected a newline
C:\Users\rayya\OneDrive\Documents\Problems (Abu - hadhud)\OOP as it Should Be (Applications)\Project Bank (OOP)\clsPerson.h(5,10): warning C4067: unexpected tokens following preprocessor directive - expected a newline
C:\Users\rayya\OneDrive\Documents\Problems (Abu - hadhud)\OOP as it Should Be (Applications)\Project Bank (OOP)\clsString.h(39,1): warning C4267: 'return': conversion from 'size_t' to 'short', possible loss of data
C:\Users\rayya\OneDrive\Documents\Problems (Abu - hadhud)\OOP as it Should Be (Applications)\Project Bank (OOP)\clsString.h(44,1): warning C4267: 'return': conversion from 'size_t' to 'short', possible loss of data
C:\Users\rayya\OneDrive\Documents\Problems (Abu - hadhud)\OOP as it Should Be (Applications)\Project Bank (OOP)\clsString.h(56,1): warning C4267: '=': conversion from 'size_t' to 'short', possible loss of data
C:\Users\rayya\OneDrive\Documents\Problems (Abu - hadhud)\OOP as it Should Be (Applications)\Project Bank (OOP)\clsString.h(193,1): warning C4267: 'return': conversion from 'size_t' to 'short', possible loss of data
C:\Users\rayya\OneDrive\Documents\Problems (Abu - hadhud)\OOP as it Should Be (Applications)\Project Bank (OOP)\clsString.h(324,1): warning C4267: '=': conversion from 'size_t' to 'short', possible loss of data
C:\Users\rayya\OneDrive\Documents\Problems (Abu - hadhud)\OOP as it Should Be (Applications)\Project Bank (OOP)\clsString.h(370,1): warning C4267: 'initializing': conversion from 'size_t' to 'short', possible loss of data
C:\Users\rayya\OneDrive\Documents\Problems (Abu - hadhud)\OOP as it Should Be (Applications)\Project Bank (OOP)\clsUtil.h(69,5): warning C4102: 'defualt': unreferenced label
C:\Users\rayya\OneDrive\Documents\Problems (Abu - hadhud)\OOP as it Should Be (Applications)\Project Bank (OOP)\clsUser.h(246,5): warning C4240: nonstandard extension used: access to 'clsUser::stUserLoginRegisterInfo' now defined to be 'public', previously it was defined to be 'private'
C:\Users\rayya\OneDrive\Documents\Problems (Abu - hadhud)\OOP as it Should Be (Applications)\Project Bank (OOP)\clsUser.h(91,12): message : see declaration of 'clsUser::stUserLoginRegisterInfo'
C:\Users\rayya\OneDrive\Documents\Problems (Abu - hadhud)\OOP as it Should Be (Applications)\Project Bank (OOP)\clsBankClient.h(262,2): warning C4240: nonstandard extension used: access to 'clsBankClient::stTransferLog' now defined to be 'public', previously it was defined to be 'private'
C:\Users\rayya\OneDrive\Documents\Problems (Abu - hadhud)\OOP as it Should Be (Applications)\Project Bank (OOP)\clsBankClient.h(105,9): message : see declaration of 'clsBankClient::stTransferLog'
C:\Users\rayya\OneDrive\Documents\Problems (Abu - hadhud)\OOP as it Should Be (Applications)\Project Bank (OOP)\clsAddNewClientScreen.h(7,10): warning C4067: unexpected tokens following preprocessor directive - expected a newline
C:\Users\rayya\OneDrive\Documents\Problems (Abu - hadhud)\OOP as it Should Be (Applications)\Project Bank (OOP)\clsAddNewClientScreen.h(8,10): warning C4067: unexpected tokens following preprocessor directive - expected a newline
C:\Users\rayya\OneDrive\Documents\Problems (Abu - hadhud)\OOP as it Should Be (Applications)\Project Bank (OOP)\clsFindClient.h(6,10): warning C4067: unexpected tokens following preprocessor directive - expected a newline
C:\Users\rayya\OneDrive\Documents\Problems (Abu - hadhud)\OOP as it Should Be (Applications)\Project Bank (OOP)\clsFindClient.h(7,10): warning C4067: unexpected tokens following preprocessor directive - expected a newline
C:\Users\rayya\OneDrive\Documents\Problems (Abu - hadhud)\OOP as it Should Be (Applications)\Project Bank (OOP)\clsTransactionsScreen.h(6,10): warning C4067: unexpected tokens following preprocessor directive - expected a newline
C:\Users\rayya\OneDrive\Documents\Problems (Abu - hadhud)\OOP as it Should Be (Applications)\Project Bank (OOP)\clsTransactionsScreen.h(7,10): warning C4067: unexpected tokens following preprocessor directive - expected a newline
C:\Users\rayya\OneDrive\Documents\Problems (Abu - hadhud)\OOP as it Should Be (Applications)\Project Bank (OOP)\clsDepositScreen.h(6,10): warning C4067: unexpected tokens following preprocessor directive - expected a newline
C:\Users\rayya\OneDrive\Documents\Problems (Abu - hadhud)\OOP as it Should Be (Applications)\Project Bank (OOP)\clsDepositScreen.h(7,10): warning C4067: unexpected tokens following preprocessor directive - expected a newline
C:\Users\rayya\OneDrive\Documents\Problems (Abu - hadhud)\OOP as it Should Be (Applications)\Project Bank (OOP)\clsWithDrawScreen.h(6,10): warning C4067: unexpected tokens following preprocessor directive - expected a newline
C:\Users\rayya\OneDrive\Documents\Problems (Abu - hadhud)\OOP as it Should Be (Applications)\Project Bank (OOP)\clsWithDrawScreen.h(7,10): warning C4067: unexpected tokens following preprocessor directive - expected a newline
C:\Users\rayya\OneDrive\Documents\Problems (Abu - hadhud)\OOP as it Should Be (Applications)\Project Bank (OOP)\clsShowTotalBalancesScreen.h(6,10): warning C4067: unexpected tokens following preprocessor directive - expected a newline
C:\Users\rayya\OneDrive\Documents\Problems (Abu - hadhud)\OOP as it Should Be (Applications)\Project Bank (OOP)\clsShowTotalBalancesScreen.h(7,10): warning C4067: unexpected tokens following preprocessor directive - expected a newline
C:\Users\rayya\OneDrive\Documents\Problems (Abu - hadhud)\OOP as it Should Be (Applications)\Project Bank (OOP)\clsShowTotalBalancesScreen.h(68,82): warning C4244: 'argument': conversion from 'double' to 'int', possible loss of data
C:\Users\rayya\OneDrive\Documents\Problems (Abu - hadhud)\OOP as it Should Be (Applications)\Project Bank (OOP)\clsManageUsersScreen.h(5,10): warning C4067: unexpected tokens following preprocessor directive - expected a newline
C:\Users\rayya\OneDrive\Documents\Problems (Abu - hadhud)\OOP as it Should Be (Applications)\Project Bank (OOP)\clsManageUsersScreen.h(6,10): warning C4067: unexpected tokens following preprocessor directive - expected a newline
C:\Users\rayya\OneDrive\Documents\Problems (Abu - hadhud)\OOP as it Should Be (Applications)\Project Bank (OOP)\clsListUsersScreen.h(5,10): warning C4067: unexpected tokens following preprocessor directive - expected a newline
C:\Users\rayya\OneDrive\Documents\Problems (Abu - hadhud)\OOP as it Should Be (Applications)\Project Bank (OOP)\clsDeleteUserScreen.h(7,10): warning C4067: unexpected tokens following preprocessor directive - expected a newline
C:\Users\rayya\OneDrive\Documents\Problems (Abu - hadhud)\OOP as it Should Be (Applications)\Project Bank (OOP)\clsDeleteUserScreen.h(8,10): warning C4067: unexpected tokens following preprocessor directive - expected a newline
C:\Users\rayya\OneDrive\Documents\Problems (Abu - hadhud)\OOP as it Should Be (Applications)\Project Bank (OOP)\clsUpdateUserScreen.h(6,10): warning C4067: unexpected tokens following preprocessor directive - expected a newline
C:\Users\rayya\OneDrive\Documents\Problems (Abu - hadhud)\OOP as it Should Be (Applications)\Project Bank (OOP)\clsUpdateUserScreen.h(7,10): warning C4067: unexpected tokens following preprocessor directive - expected a newline
C:\Users\rayya\OneDrive\Documents\Problems (Abu - hadhud)\OOP as it Should Be (Applications)\Project Bank (OOP)\clsFindUserScreen.h(6,10): warning C4067: unexpected tokens following preprocessor directive - expected a newline
C:\Users\rayya\OneDrive\Documents\Problems (Abu - hadhud)\OOP as it Should Be (Applications)\Project Bank (OOP)\clsFindUserScreen.h(7,10): warning C4067: unexpected tokens following preprocessor directive - expected a newline
C:\Users\rayya\OneDrive\Documents\Problems (Abu - hadhud)\OOP as it Should Be (Applications)\Project Bank (OOP)\clsCurrencyExchangeScreen.h(6,10): warning C4067: unexpected tokens following preprocessor directive - expected a newline
C:\Users\rayya\OneDrive\Documents\Problems (Abu - hadhud)\OOP as it Should Be (Applications)\Project Bank (OOP)\clsCurrencyExchangeScreen.h(7,10): warning C4067: unexpected tokens following preprocessor directive - expected a newline
C:\Users\rayya\OneDrive\Documents\Problems (Abu - hadhud)\OOP as it Should Be (Applications)\Project Bank (OOP)\clsUpdateCurrencyRateScreen.h(69,20): warning C4244: 'argument': conversion from 'double' to 'float', possible loss of data
C:\Users\rayya\OneDrive\Documents\Problems (Abu - hadhud)\OOP as it Should Be (Applications)\Project Bank (OOP)\clsCurrencyCalculatorScreen.h(78,84): warning C4244: 'argument': conversion from 'double' to 'float', possible loss of data
C:\Users\rayya\OneDrive\Documents\Problems (Abu - hadhud)\OOP as it Should Be (Applications)\Project Bank (OOP)\clsCurrencyCalculatorScreen.h(85,95): warning C4244: 'argument': conversion from 'double' to 'float', possible loss of data
  Project Bank (OOP).vcxproj -> C:\Users\rayya\OneDrive\Documents\Problems (Abu - hadhud)\OOP as it Should Be (Applications)\Project Bank (OOP)\x64\Debug\Project Bank (OOP).exe
